COVID Combat/Library/Bee/Android/Prj/IL2CPP/Gradle/launcher/build/intermediates/manifest_merge_blame_file/release/manifest-merger-blame-release-report.txt
1<?xml version="1.0" encoding="utf-8"?>
2<manifest xmlns:android="http://schemas.android.com/apk/res/android"
3    package="com.Team15.COVIDCombat"
4    android:installLocation="preferExternal"
5    android:versionCode="1"
6    android:versionName="0.1" >
7
8    <uses-sdk
9        android:minSdkVersion="25"
9-->src\main\AndroidManifest.xml
10        android:targetSdkVersion="30" />
10-->src\main\AndroidManifest.xml
11
12    <supports-screens
12-->src\main\AndroidManifest.xml:3:3-163
13        android:anyDensity="true"
13-->src\main\AndroidManifest.xml:3:135-160
14        android:largeScreens="true"
14-->src\main\AndroidManifest.xml:3:78-105
15        android:normalScreens="true"
15-->src\main\AndroidManifest.xml:3:49-77
16        android:smallScreens="true"
16-->src\main\AndroidManifest.xml:3:21-48
17        android:xlargeScreens="true" />
17-->src\main\AndroidManifest.xml:3:106-134
18
19    <uses-feature
19-->[:unityLibrary] AndroidManifest.xml:12:5-54
20        android:glEsVersion="0x00030000"
20-->[:unityLibrary] AndroidManifest.xml:12:19-51
21        android:required="true" />
21-->[:sdk:] AndroidManifest.xml:15:9-32
22
23    <uses-permission android:name="android.permission.INTERNET" />
23-->[:unityLibrary] AndroidManifest.xml:14:5-67
23-->[:unityLibrary] AndroidManifest.xml:14:22-64
24
25    <uses-feature
25-->[:unityLibrary] AndroidManifest.xml:16:5-18:36
26        android:name="android.hardware.touchscreen"
26-->[:unityLibrary] AndroidManifest.xml:17:9-52
27        android:required="false" />
27-->[:unityLibrary] AndroidManifest.xml:18:9-33
28    <uses-feature
28-->[:unityLibrary] AndroidManifest.xml:19:5-21:36
29        android:name="android.hardware.touchscreen.multitouch"
29-->[:unityLibrary] AndroidManifest.xml:20:9-63
30        android:required="false" />
30-->[:unityLibrary] AndroidManifest.xml:21:9-33
31    <uses-feature
31-->[:unityLibrary] AndroidManifest.xml:22:5-24:36
32        android:name="android.hardware.touchscreen.multitouch.distinct"
32-->[:unityLibrary] AndroidManifest.xml:23:9-72
33        android:required="false" />
33-->[:unityLibrary] AndroidManifest.xml:24:9-33
34
35    <uses-permission android:name="android.permission.CHANGE_WIFI_MULTICAST_STATE" />
35-->[:unityLibrary] AndroidManifest.xml:26:5-86
35-->[:unityLibrary] AndroidManifest.xml:26:22-83
36    <uses-permission android:name="android.permission.CAMERA" />
36-->[:sdk:] AndroidManifest.xml:17:5-65
36-->[:sdk:] AndroidManifest.xml:17:22-62
37    <uses-permission android:name="android.permission.WRITE_EXTERNAL_STORAGE" />
37-->[:sdk:] AndroidManifest.xml:18:5-81
37-->[:sdk:] AndroidManifest.xml:18:22-78
38    <uses-permission android:name="android.permission.NFC" />
38-->[:sdk:] AndroidManifest.xml:20:5-62
38-->[:sdk:] AndroidManifest.xml:20:22-59
39
40    <application
40-->src\main\AndroidManifest.xml:4:3-83
41        android:appComponentFactory="androidx.core.app.CoreComponentFactory"
41-->[androidx.core:core:1.5.0] AndroidManifest.xml:24:18-86
42        android:extractNativeLibs="true"
42-->[:unityLibrary] AndroidManifest.xml:29:9-41
43        android:icon="@mipmap/app_icon"
43-->src\main\AndroidManifest.xml:4:49-80
44        android:label="@string/app_name"
44-->src\main\AndroidManifest.xml:4:16-48
45        android:requestLegacyExternalStorage="true" >
45-->[:unityLibrary] AndroidManifest.xml:30:9-52
46        <activity
46-->[:unityLibrary] AndroidManifest.xml:31:9-51:20
47            android:name="com.unity3d.player.UnityPlayerActivity"
47-->[:unityLibrary] AndroidManifest.xml:32:13-66
48            android:configChanges="mcc|mnc|locale|touchscreen|keyboard|keyboardHidden|navigation|orientation|screenLayout|uiMode|screenSize|smallestScreenSize|fontScale|layoutDirection|density"
48-->[:unityLibrary] AndroidManifest.xml:33:13-194
49            android:hardwareAccelerated="false"
49-->[:unityLibrary] AndroidManifest.xml:34:13-48
50            android:launchMode="singleTask"
50-->[:unityLibrary] AndroidManifest.xml:35:13-44
51            android:resizeableActivity="false"
51-->[:unityLibrary] AndroidManifest.xml:36:13-47
52            android:screenOrientation="landscape"
52-->[:unityLibrary] AndroidManifest.xml:37:13-50
53            android:theme="@style/UnityThemeSelector" >
53-->[:unityLibrary] AndroidManifest.xml:38:13-54
54            <intent-filter>
54-->[:unityLibrary] AndroidManifest.xml:39:13-43:29
55                <action android:name="android.intent.action.MAIN" />
55-->[:unityLibrary] AndroidManifest.xml:40:17-69
55-->[:unityLibrary] AndroidManifest.xml:40:25-66
56
57                <category android:name="android.intent.category.LAUNCHER" />
57-->[:unityLibrary] AndroidManifest.xml:42:17-77
57-->[:unityLibrary] AndroidManifest.xml:42:27-74
58            </intent-filter>
59
60            <meta-data
60-->[:unityLibrary] AndroidManifest.xml:45:13-47:40
61                android:name="unityplayer.UnityActivity"
61-->[:unityLibrary] AndroidManifest.xml:46:17-57
62                android:value="true" />
62-->[:unityLibrary] AndroidManifest.xml:47:17-37
63            <meta-data
63-->[:unityLibrary] AndroidManifest.xml:48:13-50:40
64                android:name="android.notch_support"
64-->[:unityLibrary] AndroidManifest.xml:49:17-53
65                android:value="true" />
65-->[:unityLibrary] AndroidManifest.xml:50:17-37
66        </activity>
67
68        <meta-data
68-->[:unityLibrary] AndroidManifest.xml:53:9-55:33
69            android:name="unity.splash-mode"
69-->[:unityLibrary] AndroidManifest.xml:54:13-45
70            android:value="0" />
70-->[:unityLibrary] AndroidManifest.xml:55:13-30
71        <meta-data
71-->[:unityLibrary] AndroidManifest.xml:56:9-58:36
72            android:name="unity.splash-enable"
72-->[:unityLibrary] AndroidManifest.xml:57:13-47
73            android:value="True" />
73-->[:unityLibrary] AndroidManifest.xml:58:13-33
74        <meta-data
74-->[:unityLibrary] AndroidManifest.xml:59:9-61:36
75            android:name="unity.launch-fullscreen"
75-->[:unityLibrary] AndroidManifest.xml:60:13-51
76            android:value="True" />
76-->[:unityLibrary] AndroidManifest.xml:61:13-33
77        <meta-data
77-->[:unityLibrary] AndroidManifest.xml:62:9-64:37
78            android:name="unity.allow-resizable-window"
78-->[:unityLibrary] AndroidManifest.xml:63:13-56
79            android:value="False" />
79-->[:unityLibrary] AndroidManifest.xml:64:13-34
80        <meta-data
80-->[:unityLibrary] AndroidManifest.xml:65:9-67:50
81            android:name="notch.config"
81-->[:unityLibrary] AndroidManifest.xml:66:13-40
82            android:value="portrait|landscape" />
82-->[:unityLibrary] AndroidManifest.xml:67:13-47
83
84        <activity
84-->[:sdk:] AndroidManifest.xml:23:9-27:66
85            android:name="com.google.cardboard.sdk.QrCodeCaptureActivity"
85-->[:sdk:] AndroidManifest.xml:24:13-74
86            android:exported="false"
86-->[:sdk:] AndroidManifest.xml:25:13-37
87            android:label="@string/title_activity_qr_code_capture"
87-->[:sdk:] AndroidManifest.xml:26:13-67
88            android:theme="@style/Theme.AppCompat.NoActionBar" />
88-->[:sdk:] AndroidManifest.xml:27:13-63
89        <!--
90          Activity whose sole purpose is to update Cardboard device params when a Cardboard V1
91          NFC tag is detected.
92        -->
93        <activity
93-->[:sdk:] AndroidManifest.xml:33:9-46:20
94            android:name="com.google.cardboard.sdk.HeadsetDetectionActivity"
94-->[:sdk:] AndroidManifest.xml:34:13-77
95            android:exported="true"
95-->[:sdk:] AndroidManifest.xml:35:13-36
96            android:label="@string/headset_detection_activity_title" >
96-->[:sdk:] AndroidManifest.xml:36:13-69
97
98            <!-- Handles the Cardboard V1 NFC tag released at Google I/O 2014. -->
99            <intent-filter>
99-->[:sdk:] AndroidManifest.xml:39:13-45:29
100                <action android:name="android.nfc.action.NDEF_DISCOVERED" />
100-->[:sdk:] AndroidManifest.xml:40:17-77
100-->[:sdk:] AndroidManifest.xml:40:25-74
101
102                <category android:name="android.intent.category.DEFAULT" />
102-->[:sdk:] AndroidManifest.xml:42:17-76
102-->[:sdk:] AndroidManifest.xml:42:27-73
103
104                <data android:scheme="cardboard" />
104-->[:sdk:] AndroidManifest.xml:44:17-52
104-->[:sdk:] AndroidManifest.xml:44:23-49
105            </intent-filter>
106        </activity>
107        <activity
107-->[com.google.android.gms:play-services-base:17.4.0] AndroidManifest.xml:23:9-26:75
108            android:name="com.google.android.gms.common.api.GoogleApiActivity"
108-->[com.google.android.gms:play-services-base:17.4.0] AndroidManifest.xml:24:13-79
109            android:exported="false"
109-->[com.google.android.gms:play-services-base:17.4.0] AndroidManifest.xml:25:13-37
110            android:theme="@android:style/Theme.Translucent.NoTitleBar" />
110-->[com.google.android.gms:play-services-base:17.4.0] AndroidManifest.xml:26:13-72
111
112        <meta-data
112-->[com.google.android.gms:play-services-basement:17.4.0] AndroidManifest.xml:23:9-25:69
113            android:name="com.google.android.gms.version"
113-->[com.google.android.gms:play-services-basement:17.4.0] AndroidManifest.xml:24:13-58
114            android:value="@integer/google_play_services_version" />
114-->[com.google.android.gms:play-services-basement:17.4.0] AndroidManifest.xml:25:13-66
115    </application>
116
117</manifest>